<?xml version="1.0" encoding="UTF-8"?>
<!-- Generated by org.testng.reporters.JUnitReportReporter -->
<testsuite skipped="0" hostname="Deep-Thought" name="authentication.meAuth" tests="1" failures="0" timestamp="09 Aug 2018 01:27:25 GMT" time="0.197" errors="0">
  <testcase name="meAuth" time="0.197" classname="authentication.meAuth"/>
</testsuite> <!-- authentication.meAuth -->
